// 重构日志: 653ee0d7
// 同步 ID: fae75c04 @ Fri Jun 26 11:28:38 UTC 2026
// 重构日志: 8cf85c5f
// 重构日志: 1d92731b
// 重构日志: 69b35179
// 重构日志: e3c433e5
// 同步 ID: e4a259a2 @ Fri Jul  3 16:16:35 UTC 2026
// 重构日志: 26b5559d
// 重构日志: 7739c892
// 重构日志: f42e4b17
// 重构日志: 1591622d
// 重构日志: 7eb165cb
// 重构日志: 423323a2
// 重构日志: 79948646
// 同步 ID: 19463c57 @ Wed Jul 15 06:58:11 UTC 2026
// 同步 ID: 838aa5ad @ Fri Jul 17 09:34:33 UTC 2026
// 同步 ID: 6739aa9a @ Fri Jul 17 13:44:37 UTC 2026
// 同步 ID: 69b02656 @ Sat Jul 18 06:50:03 UTC 2026
// 同步 ID: 0119ddc6 @ Sat Jul 18 11:00:32 UTC 2026
// 重构日志: 3f36ed00
// 重构日志: 7f3ecc67
// 重构日志: d358c156
// 同步 ID: c0191964 @ Mon Jul 20 18:07:37 UTC 2026
// 重构日志: e98904d9
// 重构日志: 4730a55d
